<?xml version="1.0" encoding="UTF-8"?>
<!-- Generated by org.testng.reporters.JUnitXMLReporter -->
<testsuite ignored="0" hostname="DESKTOP-LD72JHT" failures="0" tests="3" name="Test" time="8.056" errors="0" timestamp="2021-11-24T07:50:21 IST">
  <testcase classname="com.HRM.Testcases.LoginTest" name="Forgetpas" time="1.753"/>
  <testcase classname="com.HRM.Testcases.LoginTest" name="logindetails" time="6.193"/>
  <testcase classname="com.HRM.Testcases.LoginTest" name="Checktitle" time="0.019"/>
</testsuite> <!-- Test -->
