<?xml version="1.0" encoding="UTF-8"?>
<!-- Generated by org.testng.reporters.JUnitXMLReporter -->
<testsuite hostname="DESKTOP-LD72JHT" ignored="0" name="Test" tests="3" failures="0" timestamp="2021-11-23T09:35:09 IST" time="7.197" errors="0">
  <testcase name="Forgetpas" time="1.411" classname="com.HRM.Testcases.LoginTest"/>
  <testcase name="logindetails" time="5.64" classname="com.HRM.Testcases.LoginTest"/>
  <testcase name="Checktitle" time="0.023" classname="com.HRM.Testcases.LoginTest"/>
</testsuite> <!-- Test -->
