<?xml version="1.0" encoding="UTF-8"?>
<testng-results ignored="0" total="3" passed="3" failed="0" skipped="0">
  <reporter-output>
  </reporter-output>
  <suite started-at="2021-11-24T07:50:12 IST" name="Suite" finished-at="2021-11-24T07:50:21 IST" duration-ms="8056">
    <groups>
    </groups>
    <test started-at="2021-11-24T07:50:12 IST" name="Test" finished-at="2021-11-24T07:50:21 IST" duration-ms="8056">
      <class name="com.HRM.Testcases.LoginTest">
        <test-method is-config="true" signature="launch()[pri:0, instance:com.HRM.Testcases.LoginTest@dbf57b3]" started-at="2021-11-24T07:49:59 IST" name="launch" finished-at="2021-11-24T07:50:12 IST" duration-ms="13508" status="PASS">
          <reporter-output>
          </reporter-output>
        </test-method> <!-- launch -->
        <test-method signature="Forgetpas()[pri:0, instance:com.HRM.Testcases.LoginTest@dbf57b3]" started-at="2021-11-24T07:50:13 IST" name="Forgetpas" finished-at="2021-11-24T07:50:14 IST" duration-ms="1753" status="PASS">
          <reporter-output>
          </reporter-output>
        </test-method> <!-- Forgetpas -->
        <test-method signature="logindetails()[pri:0, instance:com.HRM.Testcases.LoginTest@dbf57b3]" started-at="2021-11-24T07:50:14 IST" name="logindetails" finished-at="2021-11-24T07:50:20 IST" duration-ms="6193" status="PASS">
          <reporter-output>
          </reporter-output>
        </test-method> <!-- logindetails -->
        <test-method signature="Checktitle()[pri:0, instance:com.HRM.Testcases.LoginTest@dbf57b3]" started-at="2021-11-24T07:50:20 IST" name="Checktitle" finished-at="2021-11-24T07:50:21 IST" duration-ms="19" status="PASS">
          <reporter-output>
          </reporter-output>
        </test-method> <!-- Checktitle -->
      </class> <!-- com.HRM.Testcases.LoginTest -->
    </test> <!-- Test -->
  </suite> <!-- Suite -->
</testng-results>
